<?xml version="1.0" encoding="UTF-8"?>
<testsuite xmlns:xsi="http://www.w3.org/2001/XMLSchema-instance" xsi:noNamespaceSchemaLocation="https://maven.apache.org/surefire/maven-surefire-plugin/xsd/surefire-test-report-3.0.xsd" version="3.0" name="tests.UserTest" time="9.852" tests="5" errors="0" skipped="0" failures="0">
  <properties>
    <property name="gopherProxySet" value="false"/>
    <property name="awt.toolkit" value="sun.lwawt.macosx.LWCToolkit"/>
    <property name="java.specification.version" value="11"/>
    <property name="sun.cpu.isalist" value=""/>
    <property name="sun.jnu.encoding" value="UTF-8"/>
    <property name="java.class.path" value="/Users/alekseikovalev/Desktop/Diplom/Diplom_2/target/test-classes:/Users/alekseikovalev/Desktop/Diplom/Diplom_2/target/classes:/Users/alekseikovalev/.m2/repository/junit/junit/4.13.2/junit-4.13.2.jar:/Users/alekseikovalev/.m2/repository/org/hamcrest/hamcrest-core/1.3/hamcrest-core-1.3.jar:/Users/alekseikovalev/.m2/repository/io/rest-assured/rest-assured/5.4.0/rest-assured-5.4.0.jar:/Users/alekseikovalev/.m2/repository/org/apache/groovy/groovy/4.0.16/groovy-4.0.16.jar:/Users/alekseikovalev/.m2/repository/org/apache/groovy/groovy-xml/4.0.16/groovy-xml-4.0.16.jar:/Users/alekseikovalev/.m2/repository/org/apache/httpcomponents/httpclient/4.5.13/httpclient-4.5.13.jar:/Users/alekseikovalev/.m2/repository/org/apache/httpcomponents/httpcore/4.4.13/httpcore-4.4.13.jar:/Users/alekseikovalev/.m2/repository/commons-logging/commons-logging/1.2/commons-logging-1.2.jar:/Users/alekseikovalev/.m2/repository/commons-codec/commons-codec/1.11/commons-codec-1.11.jar:/Users/alekseikovalev/.m2/repository/org/apache/httpcomponents/httpmime/4.5.13/httpmime-4.5.13.jar:/Users/alekseikovalev/.m2/repository/org/hamcrest/hamcrest/2.2/hamcrest-2.2.jar:/Users/alekseikovalev/.m2/repository/org/ccil/cowan/tagsoup/tagsoup/1.2.1/tagsoup-1.2.1.jar:/Users/alekseikovalev/.m2/repository/io/rest-assured/json-path/5.4.0/json-path-5.4.0.jar:/Users/alekseikovalev/.m2/repository/org/apache/groovy/groovy-json/4.0.16/groovy-json-4.0.16.jar:/Users/alekseikovalev/.m2/repository/io/rest-assured/rest-assured-common/5.4.0/rest-assured-common-5.4.0.jar:/Users/alekseikovalev/.m2/repository/io/rest-assured/xml-path/5.4.0/xml-path-5.4.0.jar:/Users/alekseikovalev/.m2/repository/org/apache/commons/commons-lang3/3.11/commons-lang3-3.11.jar:/Users/alekseikovalev/.m2/repository/com/google/code/gson/gson/2.10.1/gson-2.10.1.jar:/Users/alekseikovalev/.m2/repository/io/qameta/allure/allure-junit4/2.24.0/allure-junit4-2.24.0.jar:/Users/alekseikovalev/.m2/repository/io/qameta/allure/allure-java-commons/2.24.0/allure-java-commons-2.24.0.jar:/Users/alekseikovalev/.m2/repository/org/slf4j/slf4j-api/1.7.36/slf4j-api-1.7.36.jar:/Users/alekseikovalev/.m2/repository/io/qameta/allure/allure-model/2.24.0/allure-model-2.24.0.jar:/Users/alekseikovalev/.m2/repository/io/qameta/allure/allure-test-filter/2.24.0/allure-test-filter-2.24.0.jar:"/>
    <property name="java.vm.vendor" value="Amazon.com Inc."/>
    <property name="sun.arch.data.model" value="64"/>
    <property name="java.vendor.url" value="https://aws.amazon.com/corretto/"/>
    <property name="user.timezone" value="Europe/Moscow"/>
    <property name="java.vm.specification.version" value="11"/>
    <property name="os.name" value="Mac OS X"/>
    <property name="sun.java.launcher" value="SUN_STANDARD"/>
    <property name="user.country" value="RU"/>
    <property name="sun.boot.library.path" value="/Library/Java/JavaVirtualMachines/amazon-corretto-11.jdk/Contents/Home/lib"/>
    <property name="sun.java.command" value="/Users/alekseikovalev/Desktop/Diplom/Diplom_2/target/surefire/surefirebooter-20250621141009389_3.jar /Users/alekseikovalev/Desktop/Diplom/Diplom_2/target/surefire 2025-06-21T14-10-09_010-jvmRun1 surefire-20250621141009389_1tmp surefire_0-20250621141009389_2tmp"/>
    <property name="jdk.debug" value="release"/>
    <property name="surefire.test.class.path" value="/Users/alekseikovalev/Desktop/Diplom/Diplom_2/target/test-classes:/Users/alekseikovalev/Desktop/Diplom/Diplom_2/target/classes:/Users/alekseikovalev/.m2/repository/junit/junit/4.13.2/junit-4.13.2.jar:/Users/alekseikovalev/.m2/repository/org/hamcrest/hamcrest-core/1.3/hamcrest-core-1.3.jar:/Users/alekseikovalev/.m2/repository/io/rest-assured/rest-assured/5.4.0/rest-assured-5.4.0.jar:/Users/alekseikovalev/.m2/repository/org/apache/groovy/groovy/4.0.16/groovy-4.0.16.jar:/Users/alekseikovalev/.m2/repository/org/apache/groovy/groovy-xml/4.0.16/groovy-xml-4.0.16.jar:/Users/alekseikovalev/.m2/repository/org/apache/httpcomponents/httpclient/4.5.13/httpclient-4.5.13.jar:/Users/alekseikovalev/.m2/repository/org/apache/httpcomponents/httpcore/4.4.13/httpcore-4.4.13.jar:/Users/alekseikovalev/.m2/repository/commons-logging/commons-logging/1.2/commons-logging-1.2.jar:/Users/alekseikovalev/.m2/repository/commons-codec/commons-codec/1.11/commons-codec-1.11.jar:/Users/alekseikovalev/.m2/repository/org/apache/httpcomponents/httpmime/4.5.13/httpmime-4.5.13.jar:/Users/alekseikovalev/.m2/repository/org/hamcrest/hamcrest/2.2/hamcrest-2.2.jar:/Users/alekseikovalev/.m2/repository/org/ccil/cowan/tagsoup/tagsoup/1.2.1/tagsoup-1.2.1.jar:/Users/alekseikovalev/.m2/repository/io/rest-assured/json-path/5.4.0/json-path-5.4.0.jar:/Users/alekseikovalev/.m2/repository/org/apache/groovy/groovy-json/4.0.16/groovy-json-4.0.16.jar:/Users/alekseikovalev/.m2/repository/io/rest-assured/rest-assured-common/5.4.0/rest-assured-common-5.4.0.jar:/Users/alekseikovalev/.m2/repository/io/rest-assured/xml-path/5.4.0/xml-path-5.4.0.jar:/Users/alekseikovalev/.m2/repository/org/apache/commons/commons-lang3/3.11/commons-lang3-3.11.jar:/Users/alekseikovalev/.m2/repository/com/google/code/gson/gson/2.10.1/gson-2.10.1.jar:/Users/alekseikovalev/.m2/repository/io/qameta/allure/allure-junit4/2.24.0/allure-junit4-2.24.0.jar:/Users/alekseikovalev/.m2/repository/io/qameta/allure/allure-java-commons/2.24.0/allure-java-commons-2.24.0.jar:/Users/alekseikovalev/.m2/repository/org/slf4j/slf4j-api/1.7.36/slf4j-api-1.7.36.jar:/Users/alekseikovalev/.m2/repository/io/qameta/allure/allure-model/2.24.0/allure-model-2.24.0.jar:/Users/alekseikovalev/.m2/repository/io/qameta/allure/allure-test-filter/2.24.0/allure-test-filter-2.24.0.jar:"/>
    <property name="allure.results.directory" value="target/allure-results"/>
    <property name="sun.cpu.endian" value="little"/>
    <property name="user.home" value="/Users/alekseikovalev"/>
    <property name="user.language" value="ru"/>
    <property name="java.specification.vendor" value="Oracle Corporation"/>
    <property name="java.version.date" value="2025-01-21"/>
    <property name="java.home" value="/Library/Java/JavaVirtualMachines/amazon-corretto-11.jdk/Contents/Home"/>
    <property name="file.separator" value="/"/>
    <property name="basedir" value="/Users/alekseikovalev/Desktop/Diplom/Diplom_2"/>
    <property name="java.vm.compressedOopsMode" value="Zero based"/>
    <property name="line.separator" value="&#10;"/>
    <property name="java.specification.name" value="Java Platform API Specification"/>
    <property name="java.vm.specification.vendor" value="Oracle Corporation"/>
    <property name="java.awt.graphicsenv" value="sun.awt.CGraphicsEnvironment"/>
    <property name="surefire.real.class.path" value="/Users/alekseikovalev/Desktop/Diplom/Diplom_2/target/surefire/surefirebooter-20250621141009389_3.jar"/>
    <property name="sun.management.compiler" value="HotSpot 64-Bit Tiered Compilers"/>
    <property name="java.runtime.version" value="11.0.26+4-LTS"/>
    <property name="user.name" value="alekseikovalev"/>
    <property name="path.separator" value=":"/>
    <property name="os.version" value="15.5"/>
    <property name="java.runtime.name" value="OpenJDK Runtime Environment"/>
    <property name="file.encoding" value="UTF-8"/>
    <property name="java.vm.name" value="OpenJDK 64-Bit Server VM"/>
    <property name="java.vendor.version" value="Corretto-11.0.26.4.1"/>
    <property name="localRepository" value="/Users/alekseikovalev/.m2/repository"/>
    <property name="java.vendor.url.bug" value="https://github.com/corretto/corretto-11/issues/"/>
    <property name="java.io.tmpdir" value="/var/folders/hj/zhk92jl57fqbjfmwqcfk82nw0000gn/T/"/>
    <property name="java.version" value="11.0.26"/>
    <property name="user.dir" value="/Users/alekseikovalev/Desktop/Diplom/Diplom_2"/>
    <property name="os.arch" value="x86_64"/>
    <property name="java.vm.specification.name" value="Java Virtual Machine Specification"/>
    <property name="java.awt.printerjob" value="sun.lwawt.macosx.CPrinterJob"/>
    <property name="sun.os.patch.level" value="unknown"/>
    <property name="java.library.path" value="/Users/alekseikovalev/Library/Java/Extensions:/Library/Java/Extensions:/Network/Library/Java/Extensions:/System/Library/Java/Extensions:/usr/lib/java:."/>
    <property name="java.vm.info" value="mixed mode"/>
    <property name="java.vendor" value="Amazon.com Inc."/>
    <property name="java.vm.version" value="11.0.26+4-LTS"/>
    <property name="java.specification.maintenance.version" value="3"/>
    <property name="sun.io.unicode.encoding" value="UnicodeBig"/>
    <property name="java.class.version" value="55.0"/>
  </properties>
  <testcase name="createDuplicateUserTest" classname="tests.UserTest" time="5.207">
    <system-err><![CDATA[SLF4J: Failed to load class "org.slf4j.impl.StaticLoggerBinder".
SLF4J: Defaulting to no-operation (NOP) logger implementation
SLF4J: See http://www.slf4j.org/codes.html#StaticLoggerBinder for further details.
]]></system-err>
  </testcase>
  <testcase name="loginExistingUserTest" classname="tests.UserTest" time="2.098"/>
  <testcase name="createUserWithoutRequiredFieldTest" classname="tests.UserTest" time="0.486"/>
  <testcase name="loginWithWrongCredentialsTest" classname="tests.UserTest" time="0.472"/>
  <testcase name="createUniqueUserTest" classname="tests.UserTest" time="1.492"/>
</testsuite>